<?xml version="1.0" encoding="UTF-8"?>
<testsuite name="com.laempacadora.LaEmpacadoraApplicationTests" tests="1" skipped="0" failures="0" errors="0" timestamp="2024-05-31T04:57:22" hostname="DESKTOP-B4QCPPI" time="0.415">
  <properties/>
  <testcase name="contextLoads()" classname="com.laempacadora.LaEmpacadoraApplicationTests" time="0.415"/>
  <system-out><![CDATA[23:57:15.737 [Test worker] INFO org.springframework.test.context.support.AnnotationConfigContextLoaderUtils -- Could not detect default configuration classes for test class [com.laempacadora.LaEmpacadoraApplicationTests]: LaEmpacadoraApplicationTests does not declare any static, non-private, non-final, nested classes annotated with @Configuration.
23:57:15.821 [Test worker] INFO org.springframework.boot.test.context.SpringBootTestContextBootstrapper -- Found @SpringBootConfiguration com.laempacadora.LaEmpacadoraApplication for test class com.laempacadora.LaEmpacadoraApplicationTests

  .   ____          _            __ _ _
 /\\ / ___'_ __ _ _(_)_ __  __ _ \ \ \ \
( ( )\___ | '_ | '_| | '_ \/ _` | \ \ \ \
 \\/  ___)| |_)| | | | | || (_| |  ) ) ) )
  '  |____| .__|_| |_|_| |_\__, | / / / /
 =========|_|==============|___/=/_/_/_/
 :: Spring Boot ::                (v3.1.9)

2024-05-30T23:57:16.128-05:00  INFO 14088 --- [    Test worker] c.l.LaEmpacadoraApplicationTests         : Starting LaEmpacadoraApplicationTests using Java 17.0.11 with PID 14088 (started by Usuario in D:\Desktop\Materias\Proyecto Integrador 1\MesaMaster-Backend)
2024-05-30T23:57:16.129-05:00  INFO 14088 --- [    Test worker] c.l.LaEmpacadoraApplicationTests         : The following 1 profile is active: "pdn"
2024-05-30T23:57:16.743-05:00  INFO 14088 --- [    Test worker] .s.d.r.c.RepositoryConfigurationDelegate : Bootstrapping Spring Data JPA repositories in DEFAULT mode.
2024-05-30T23:57:16.804-05:00  INFO 14088 --- [    Test worker] .s.d.r.c.RepositoryConfigurationDelegate : Finished Spring Data repository scanning in 51 ms. Found 5 JPA repository interfaces.
2024-05-30T23:57:17.173-05:00  INFO 14088 --- [    Test worker] com.zaxxer.hikari.HikariDataSource       : HikariPool-1 - Starting...
2024-05-30T23:57:18.343-05:00  INFO 14088 --- [    Test worker] com.zaxxer.hikari.pool.HikariPool        : HikariPool-1 - Added connection org.postgresql.jdbc.PgConnection@6744707b
2024-05-30T23:57:18.345-05:00  INFO 14088 --- [    Test worker] com.zaxxer.hikari.HikariDataSource       : HikariPool-1 - Start completed.
2024-05-30T23:57:18.385-05:00  INFO 14088 --- [    Test worker] o.hibernate.jpa.internal.util.LogHelper  : HHH000204: Processing PersistenceUnitInfo [name: default]
2024-05-30T23:57:18.439-05:00  INFO 14088 --- [    Test worker] org.hibernate.Version                    : HHH000412: Hibernate ORM core version 6.2.22.Final
2024-05-30T23:57:18.441-05:00  INFO 14088 --- [    Test worker] org.hibernate.cfg.Environment            : HHH000406: Using bytecode reflection optimizer
2024-05-30T23:57:18.726-05:00  INFO 14088 --- [    Test worker] o.s.o.j.p.SpringPersistenceUnitInfo      : No LoadTimeWeaver setup: ignoring JPA class transformer
2024-05-30T23:57:18.870-05:00  WARN 14088 --- [    Test worker] org.hibernate.orm.deprecation            : HHH90000025: PostgreSQLDialect does not need to be specified explicitly using 'hibernate.dialect' (remove the property setting and it will be selected by default)
2024-05-30T23:57:20.212-05:00  INFO 14088 --- [    Test worker] o.h.e.t.j.p.i.JtaPlatformInitiator       : HHH000489: No JTA platform available (set 'hibernate.transaction.jta.platform' to enable JTA platform integration)
2024-05-30T23:57:20.216-05:00  INFO 14088 --- [    Test worker] j.LocalContainerEntityManagerFactoryBean : Initialized JPA EntityManagerFactory for persistence unit 'default'
2024-05-30T23:57:20.618-05:00  INFO 14088 --- [    Test worker] o.s.d.j.r.query.QueryEnhancerFactory     : Hibernate is in classpath; If applicable, HQL parser will be used.
2024-05-30T23:57:21.111-05:00  WARN 14088 --- [    Test worker] JpaBaseConfiguration$JpaWebConfiguration : spring.jpa.open-in-view is enabled by default. Therefore, database queries may be performed during view rendering. Explicitly configure spring.jpa.open-in-view to disable this warning
2024-05-30T23:57:22.017-05:00  INFO 14088 --- [    Test worker] o.s.s.web.DefaultSecurityFilterChain     : Will secure any request with [org.springframework.security.web.session.DisableEncodeUrlFilter@d3effcb, org.springframework.security.web.context.request.async.WebAsyncManagerIntegrationFilter@1743c249, org.springframework.security.web.context.SecurityContextHolderFilter@13b012, org.springframework.security.web.header.HeaderWriterFilter@71bbbb9f, org.springframework.security.web.authentication.logout.LogoutFilter@54a332e4, com.laempacadora.jwt.JwtAuthenticationFilter@4ef10d3b, org.springframework.security.web.savedrequest.RequestCacheAwareFilter@7a337217, org.springframework.security.web.servletapi.SecurityContextHolderAwareRequestFilter@42f15e87, org.springframework.security.web.authentication.AnonymousAuthenticationFilter@2531049f, org.springframework.security.web.session.SessionManagementFilter@50cfe725, org.springframework.security.web.access.ExceptionTranslationFilter@b88d294, org.springframework.security.web.access.intercept.AuthorizationFilter@7bbc3b6e]
2024-05-30T23:57:22.337-05:00  INFO 14088 --- [    Test worker] c.l.LaEmpacadoraApplicationTests         : Started LaEmpacadoraApplicationTests in 6.398 seconds (process running for 7.348)
]]></system-out>
  <system-err><![CDATA[]]></system-err>
</testsuite>
