<?xml version="1.0" encoding="UTF-8"?>
<testsuite name="com.laempacadora.LaEmpacadoraApplicationTests" tests="1" skipped="0" failures="0" errors="0" timestamp="2024-05-30T05:04:58" hostname="DESKTOP-B4QCPPI" time="0.365">
  <properties/>
  <testcase name="contextLoads()" classname="com.laempacadora.LaEmpacadoraApplicationTests" time="0.365"/>
  <system-out><![CDATA[00:04:52.584 [Test worker] INFO org.springframework.test.context.support.AnnotationConfigContextLoaderUtils -- Could not detect default configuration classes for test class [com.laempacadora.LaEmpacadoraApplicationTests]: LaEmpacadoraApplicationTests does not declare any static, non-private, non-final, nested classes annotated with @Configuration.
00:04:52.658 [Test worker] INFO org.springframework.boot.test.context.SpringBootTestContextBootstrapper -- Found @SpringBootConfiguration com.laempacadora.LaEmpacadoraApplication for test class com.laempacadora.LaEmpacadoraApplicationTests

  .   ____          _            __ _ _
 /\\ / ___'_ __ _ _(_)_ __  __ _ \ \ \ \
( ( )\___ | '_ | '_| | '_ \/ _` | \ \ \ \
 \\/  ___)| |_)| | | | | || (_| |  ) ) ) )
  '  |____| .__|_| |_|_| |_\__, | / / / /
 =========|_|==============|___/=/_/_/_/
 :: Spring Boot ::                (v3.1.9)

2024-05-30T00:04:52.953-05:00  INFO 3396 --- [    Test worker] c.l.LaEmpacadoraApplicationTests         : Starting LaEmpacadoraApplicationTests using Java 17.0.11 with PID 3396 (started by Usuario in D:\Desktop\Materias\Proyecto Integrador 1\MesaMaster-Backend)
2024-05-30T00:04:52.955-05:00  INFO 3396 --- [    Test worker] c.l.LaEmpacadoraApplicationTests         : The following 1 profile is active: "pdn"
2024-05-30T00:04:53.531-05:00  INFO 3396 --- [    Test worker] .s.d.r.c.RepositoryConfigurationDelegate : Bootstrapping Spring Data JPA repositories in DEFAULT mode.
2024-05-30T00:04:53.584-05:00  INFO 3396 --- [    Test worker] .s.d.r.c.RepositoryConfigurationDelegate : Finished Spring Data repository scanning in 47 ms. Found 5 JPA repository interfaces.
2024-05-30T00:04:53.931-05:00  INFO 3396 --- [    Test worker] com.zaxxer.hikari.HikariDataSource       : HikariPool-1 - Starting...
2024-05-30T00:04:54.989-05:00  INFO 3396 --- [    Test worker] com.zaxxer.hikari.pool.HikariPool        : HikariPool-1 - Added connection org.postgresql.jdbc.PgConnection@79195c22
2024-05-30T00:04:54.990-05:00  INFO 3396 --- [    Test worker] com.zaxxer.hikari.HikariDataSource       : HikariPool-1 - Start completed.
2024-05-30T00:04:55.024-05:00  INFO 3396 --- [    Test worker] o.hibernate.jpa.internal.util.LogHelper  : HHH000204: Processing PersistenceUnitInfo [name: default]
2024-05-30T00:04:55.065-05:00  INFO 3396 --- [    Test worker] org.hibernate.Version                    : HHH000412: Hibernate ORM core version 6.2.22.Final
2024-05-30T00:04:55.066-05:00  INFO 3396 --- [    Test worker] org.hibernate.cfg.Environment            : HHH000406: Using bytecode reflection optimizer
2024-05-30T00:04:55.299-05:00  INFO 3396 --- [    Test worker] o.s.o.j.p.SpringPersistenceUnitInfo      : No LoadTimeWeaver setup: ignoring JPA class transformer
2024-05-30T00:04:55.434-05:00  WARN 3396 --- [    Test worker] org.hibernate.orm.deprecation            : HHH90000025: PostgreSQLDialect does not need to be specified explicitly using 'hibernate.dialect' (remove the property setting and it will be selected by default)
2024-05-30T00:04:56.363-05:00  INFO 3396 --- [    Test worker] o.h.e.t.j.p.i.JtaPlatformInitiator       : HHH000489: No JTA platform available (set 'hibernate.transaction.jta.platform' to enable JTA platform integration)
2024-05-30T00:04:56.366-05:00  INFO 3396 --- [    Test worker] j.LocalContainerEntityManagerFactoryBean : Initialized JPA EntityManagerFactory for persistence unit 'default'
2024-05-30T00:04:56.718-05:00  INFO 3396 --- [    Test worker] o.s.d.j.r.query.QueryEnhancerFactory     : Hibernate is in classpath; If applicable, HQL parser will be used.
2024-05-30T00:04:57.066-05:00  WARN 3396 --- [    Test worker] JpaBaseConfiguration$JpaWebConfiguration : spring.jpa.open-in-view is enabled by default. Therefore, database queries may be performed during view rendering. Explicitly configure spring.jpa.open-in-view to disable this warning
2024-05-30T00:04:57.788-05:00  INFO 3396 --- [    Test worker] o.s.s.web.DefaultSecurityFilterChain     : Will secure any request with [org.springframework.security.web.session.DisableEncodeUrlFilter@3e0575a2, org.springframework.security.web.context.request.async.WebAsyncManagerIntegrationFilter@65589d76, org.springframework.security.web.context.SecurityContextHolderFilter@5ccf1542, org.springframework.security.web.header.HeaderWriterFilter@226346d4, org.springframework.security.web.authentication.logout.LogoutFilter@60ee6f76, com.laempacadora.jwt.JwtAuthenticationFilter@1f5f4d48, org.springframework.security.web.savedrequest.RequestCacheAwareFilter@794eb6e7, org.springframework.security.web.servletapi.SecurityContextHolderAwareRequestFilter@76a5a831, org.springframework.security.web.authentication.AnonymousAuthenticationFilter@7a213820, org.springframework.security.web.session.SessionManagementFilter@2ce80c85, org.springframework.security.web.access.ExceptionTranslationFilter@a59324f, org.springframework.security.web.access.intercept.AuthorizationFilter@130901fd]
2024-05-30T00:04:58.051-05:00  INFO 3396 --- [    Test worker] c.l.LaEmpacadoraApplicationTests         : Started LaEmpacadoraApplicationTests in 5.289 seconds (process running for 6.149)
]]></system-out>
  <system-err><![CDATA[]]></system-err>
</testsuite>
