<?xml version="1.0" encoding="UTF-8"?>
<testsuite name="com.laempacadora.LaEmpacadoraApplicationTests" tests="1" skipped="0" failures="0" errors="0" timestamp="2024-05-30T20:44:47" hostname="DESKTOP-B4QCPPI" time="0.382">
  <properties/>
  <testcase name="contextLoads()" classname="com.laempacadora.LaEmpacadoraApplicationTests" time="0.382"/>
  <system-out><![CDATA[15:44:42.228 [Test worker] INFO org.springframework.test.context.support.AnnotationConfigContextLoaderUtils -- Could not detect default configuration classes for test class [com.laempacadora.LaEmpacadoraApplicationTests]: LaEmpacadoraApplicationTests does not declare any static, non-private, non-final, nested classes annotated with @Configuration.
15:44:42.296 [Test worker] INFO org.springframework.boot.test.context.SpringBootTestContextBootstrapper -- Found @SpringBootConfiguration com.laempacadora.LaEmpacadoraApplication for test class com.laempacadora.LaEmpacadoraApplicationTests

  .   ____          _            __ _ _
 /\\ / ___'_ __ _ _(_)_ __  __ _ \ \ \ \
( ( )\___ | '_ | '_| | '_ \/ _` | \ \ \ \
 \\/  ___)| |_)| | | | | || (_| |  ) ) ) )
  '  |____| .__|_| |_|_| |_\__, | / / / /
 =========|_|==============|___/=/_/_/_/
 :: Spring Boot ::                (v3.1.9)

2024-05-30T15:44:42.568-05:00  INFO 17608 --- [    Test worker] c.l.LaEmpacadoraApplicationTests         : Starting LaEmpacadoraApplicationTests using Java 17.0.11 with PID 17608 (started by Usuario in D:\Desktop\Materias\Proyecto Integrador 1\MesaMaster-Backend)
2024-05-30T15:44:42.569-05:00  INFO 17608 --- [    Test worker] c.l.LaEmpacadoraApplicationTests         : The following 1 profile is active: "pdn"
2024-05-30T15:44:43.108-05:00  INFO 17608 --- [    Test worker] .s.d.r.c.RepositoryConfigurationDelegate : Bootstrapping Spring Data JPA repositories in DEFAULT mode.
2024-05-30T15:44:43.154-05:00  INFO 17608 --- [    Test worker] .s.d.r.c.RepositoryConfigurationDelegate : Finished Spring Data repository scanning in 40 ms. Found 5 JPA repository interfaces.
2024-05-30T15:44:43.468-05:00  INFO 17608 --- [    Test worker] com.zaxxer.hikari.HikariDataSource       : HikariPool-1 - Starting...
2024-05-30T15:44:44.617-05:00  INFO 17608 --- [    Test worker] com.zaxxer.hikari.pool.HikariPool        : HikariPool-1 - Added connection org.postgresql.jdbc.PgConnection@99a8de3
2024-05-30T15:44:44.617-05:00  INFO 17608 --- [    Test worker] com.zaxxer.hikari.HikariDataSource       : HikariPool-1 - Start completed.
2024-05-30T15:44:44.649-05:00  INFO 17608 --- [    Test worker] o.hibernate.jpa.internal.util.LogHelper  : HHH000204: Processing PersistenceUnitInfo [name: default]
2024-05-30T15:44:44.681-05:00  INFO 17608 --- [    Test worker] org.hibernate.Version                    : HHH000412: Hibernate ORM core version 6.2.22.Final
2024-05-30T15:44:44.681-05:00  INFO 17608 --- [    Test worker] org.hibernate.cfg.Environment            : HHH000406: Using bytecode reflection optimizer
2024-05-30T15:44:44.885-05:00  INFO 17608 --- [    Test worker] o.s.o.j.p.SpringPersistenceUnitInfo      : No LoadTimeWeaver setup: ignoring JPA class transformer
2024-05-30T15:44:45.026-05:00  WARN 17608 --- [    Test worker] org.hibernate.orm.deprecation            : HHH90000025: PostgreSQLDialect does not need to be specified explicitly using 'hibernate.dialect' (remove the property setting and it will be selected by default)
2024-05-30T15:44:45.876-05:00  INFO 17608 --- [    Test worker] o.h.e.t.j.p.i.JtaPlatformInitiator       : HHH000489: No JTA platform available (set 'hibernate.transaction.jta.platform' to enable JTA platform integration)
2024-05-30T15:44:45.891-05:00  INFO 17608 --- [    Test worker] j.LocalContainerEntityManagerFactoryBean : Initialized JPA EntityManagerFactory for persistence unit 'default'
2024-05-30T15:44:46.167-05:00  INFO 17608 --- [    Test worker] o.s.d.j.r.query.QueryEnhancerFactory     : Hibernate is in classpath; If applicable, HQL parser will be used.
2024-05-30T15:44:46.514-05:00  WARN 17608 --- [    Test worker] JpaBaseConfiguration$JpaWebConfiguration : spring.jpa.open-in-view is enabled by default. Therefore, database queries may be performed during view rendering. Explicitly configure spring.jpa.open-in-view to disable this warning
2024-05-30T15:44:47.207-05:00  INFO 17608 --- [    Test worker] o.s.s.web.DefaultSecurityFilterChain     : Will secure any request with [org.springframework.security.web.session.DisableEncodeUrlFilter@6f9c272b, org.springframework.security.web.context.request.async.WebAsyncManagerIntegrationFilter@6bbb3ec8, org.springframework.security.web.context.SecurityContextHolderFilter@467f97e, org.springframework.security.web.header.HeaderWriterFilter@d7ce31c, org.springframework.security.web.authentication.logout.LogoutFilter@7a213820, com.laempacadora.jwt.JwtAuthenticationFilter@3ccc4ca0, org.springframework.security.web.savedrequest.RequestCacheAwareFilter@23644367, org.springframework.security.web.servletapi.SecurityContextHolderAwareRequestFilter@67aedd28, org.springframework.security.web.authentication.AnonymousAuthenticationFilter@64b7719f, org.springframework.security.web.session.SessionManagementFilter@2fad470b, org.springframework.security.web.access.ExceptionTranslationFilter@2ce80c85, org.springframework.security.web.access.intercept.AuthorizationFilter@745e1fb7]
2024-05-30T15:44:47.460-05:00  INFO 17608 --- [    Test worker] c.l.LaEmpacadoraApplicationTests         : Started LaEmpacadoraApplicationTests in 5.065 seconds (process running for 5.867)
]]></system-out>
  <system-err><![CDATA[]]></system-err>
</testsuite>
