<?xml version="1.0" encoding="UTF-8"?>
<testsuite name="com.laempacadora.LaEmpacadoraApplicationTests" tests="1" skipped="0" failures="0" errors="0" timestamp="2024-05-31T05:29:22" hostname="DESKTOP-B4QCPPI" time="0.406">
  <properties/>
  <testcase name="contextLoads()" classname="com.laempacadora.LaEmpacadoraApplicationTests" time="0.406"/>
  <system-out><![CDATA[00:29:16.578 [Test worker] INFO org.springframework.test.context.support.AnnotationConfigContextLoaderUtils -- Could not detect default configuration classes for test class [com.laempacadora.LaEmpacadoraApplicationTests]: LaEmpacadoraApplicationTests does not declare any static, non-private, non-final, nested classes annotated with @Configuration.
00:29:16.656 [Test worker] INFO org.springframework.boot.test.context.SpringBootTestContextBootstrapper -- Found @SpringBootConfiguration com.laempacadora.LaEmpacadoraApplication for test class com.laempacadora.LaEmpacadoraApplicationTests

  .   ____          _            __ _ _
 /\\ / ___'_ __ _ _(_)_ __  __ _ \ \ \ \
( ( )\___ | '_ | '_| | '_ \/ _` | \ \ \ \
 \\/  ___)| |_)| | | | | || (_| |  ) ) ) )
  '  |____| .__|_| |_|_| |_\__, | / / / /
 =========|_|==============|___/=/_/_/_/
 :: Spring Boot ::                (v3.1.9)

2024-05-31T00:29:16.964-05:00  INFO 15476 --- [    Test worker] c.l.LaEmpacadoraApplicationTests         : Starting LaEmpacadoraApplicationTests using Java 17.0.11 with PID 15476 (started by Usuario in D:\Desktop\Materias\Proyecto Integrador 1\MesaMaster-Backend)
2024-05-31T00:29:16.964-05:00  INFO 15476 --- [    Test worker] c.l.LaEmpacadoraApplicationTests         : The following 1 profile is active: "pdn"
2024-05-31T00:29:17.560-05:00  INFO 15476 --- [    Test worker] .s.d.r.c.RepositoryConfigurationDelegate : Bootstrapping Spring Data JPA repositories in DEFAULT mode.
2024-05-31T00:29:17.622-05:00  INFO 15476 --- [    Test worker] .s.d.r.c.RepositoryConfigurationDelegate : Finished Spring Data repository scanning in 50 ms. Found 5 JPA repository interfaces.
2024-05-31T00:29:17.966-05:00  INFO 15476 --- [    Test worker] com.zaxxer.hikari.HikariDataSource       : HikariPool-1 - Starting...
2024-05-31T00:29:19.135-05:00  INFO 15476 --- [    Test worker] com.zaxxer.hikari.pool.HikariPool        : HikariPool-1 - Added connection org.postgresql.jdbc.PgConnection@4b28a7bf
2024-05-31T00:29:19.137-05:00  INFO 15476 --- [    Test worker] com.zaxxer.hikari.HikariDataSource       : HikariPool-1 - Start completed.
2024-05-31T00:29:19.175-05:00  INFO 15476 --- [    Test worker] o.hibernate.jpa.internal.util.LogHelper  : HHH000204: Processing PersistenceUnitInfo [name: default]
2024-05-31T00:29:19.217-05:00  INFO 15476 --- [    Test worker] org.hibernate.Version                    : HHH000412: Hibernate ORM core version 6.2.22.Final
2024-05-31T00:29:19.219-05:00  INFO 15476 --- [    Test worker] org.hibernate.cfg.Environment            : HHH000406: Using bytecode reflection optimizer
2024-05-31T00:29:19.477-05:00  INFO 15476 --- [    Test worker] o.s.o.j.p.SpringPersistenceUnitInfo      : No LoadTimeWeaver setup: ignoring JPA class transformer
2024-05-31T00:29:19.620-05:00  WARN 15476 --- [    Test worker] org.hibernate.orm.deprecation            : HHH90000025: PostgreSQLDialect does not need to be specified explicitly using 'hibernate.dialect' (remove the property setting and it will be selected by default)
2024-05-31T00:29:20.679-05:00  INFO 15476 --- [    Test worker] o.h.e.t.j.p.i.JtaPlatformInitiator       : HHH000489: No JTA platform available (set 'hibernate.transaction.jta.platform' to enable JTA platform integration)
2024-05-31T00:29:20.683-05:00  INFO 15476 --- [    Test worker] j.LocalContainerEntityManagerFactoryBean : Initialized JPA EntityManagerFactory for persistence unit 'default'
2024-05-31T00:29:21.092-05:00  INFO 15476 --- [    Test worker] o.s.d.j.r.query.QueryEnhancerFactory     : Hibernate is in classpath; If applicable, HQL parser will be used.
2024-05-31T00:29:21.586-05:00  WARN 15476 --- [    Test worker] JpaBaseConfiguration$JpaWebConfiguration : spring.jpa.open-in-view is enabled by default. Therefore, database queries may be performed during view rendering. Explicitly configure spring.jpa.open-in-view to disable this warning
2024-05-31T00:29:22.409-05:00  INFO 15476 --- [    Test worker] o.s.s.web.DefaultSecurityFilterChain     : Will secure any request with [org.springframework.security.web.session.DisableEncodeUrlFilter@1743c249, org.springframework.security.web.context.request.async.WebAsyncManagerIntegrationFilter@2531049f, org.springframework.security.web.context.SecurityContextHolderFilter@2f4a89fa, org.springframework.security.web.header.HeaderWriterFilter@6fe47be, org.springframework.security.web.authentication.logout.LogoutFilter@1e3f0c5c, com.laempacadora.jwt.JwtAuthenticationFilter@749ffdc7, org.springframework.security.web.savedrequest.RequestCacheAwareFilter@45c3cf0c, org.springframework.security.web.servletapi.SecurityContextHolderAwareRequestFilter@1911427a, org.springframework.security.web.authentication.AnonymousAuthenticationFilter@14404be2, org.springframework.security.web.session.SessionManagementFilter@2baf2c6, org.springframework.security.web.access.ExceptionTranslationFilter@1cd50433, org.springframework.security.web.access.intercept.AuthorizationFilter@38e1442a]
2024-05-31T00:29:22.727-05:00  INFO 15476 --- [    Test worker] c.l.LaEmpacadoraApplicationTests         : Started LaEmpacadoraApplicationTests in 5.948 seconds (process running for 6.809)
]]></system-out>
  <system-err><![CDATA[]]></system-err>
</testsuite>
